<?xml version="1.0" encoding="UTF-8" ?>
<testsuite tests="13" failures="0" name="UniCinemaTest.ReviewManager.service.ReviewServiceMethodsTest" time="0.017" errors="0" skipped="0">
  <properties>
    <property name="idea.version" value="2021.2.3"/>
    <property name="java.runtime.name" value="Java(TM) SE Runtime Environment"/>
    <property name="java.vm.version" value="15+36-1562"/>
    <property name="sun.boot.library.path" value="D:\Program Files\Java\jdk-15\bin"/>
    <property name="maven.multiModuleProjectDirectory" value="C:\Users\leone\Documents\GitHub\UniCinema\Project IntelliJ"/>
    <property name="java.vm.vendor" value="Oracle Corporation"/>
    <property name="java.vendor.url" value="https://java.oracle.com/"/>
    <property name="guice.disable.misplaced.annotation.check" value="true"/>
    <property name="path.separator" value=";"/>
    <property name="java.vm.name" value="Java HotSpot(TM) 64-Bit Server VM"/>
    <property name="sun.os.patch.level" value=""/>
    <property name="user.script" value=""/>
    <property name="user.country" value="IT"/>
    <property name="sun.java.launcher" value="SUN_STANDARD"/>
    <property name="java.vm.specification.name" value="Java Virtual Machine Specification"/>
    <property name="user.dir" value="C:\Users\leone\Documents\GitHub\UniCinema\Project IntelliJ"/>
    <property name="java.vm.compressedOopsMode" value="Zero based"/>
    <property name="java.runtime.version" value="15+36-1562"/>
    <property name="os.arch" value="amd64"/>
    <property name="java.io.tmpdir" value="C:\Users\leone\AppData\Local\Temp\"/>
    <property name="line.separator" value="
"/>
    <property name="java.vm.specification.vendor" value="Oracle Corporation"/>
    <property name="user.variant" value=""/>
    <property name="os.name" value="Windows 10"/>
    <property name="maven.ext.class.path" value="G:\IntelliJ IDEA 2021.2.3\plugins\maven\lib\maven-event-listener.jar"/>
    <property name="classworlds.conf" value="G:\IntelliJ IDEA 2021.2.3\plugins\maven\lib\maven3\bin\m2.conf"/>
    <property name="sun.jnu.encoding" value="Cp1252"/>
    <property name="java.library.path" value="D:\Program Files\Java\jdk-15\bin;C:\Windows\Sun\Java\bin;C:\Windows\system32;C:\Windows;C:\Program Files\Common Files\Oracle\Java\javapath;C:\Program Files (x86)\Common Files\Oracle\Java\javapath;C:\Windows\system32;C:\Windows;C:\Windows\System32\Wbem;C:\Windows\System32\WindowsPowerShell\v1.0\;C:\Windows\System32\OpenSSH\;C:\Program Files\Git\cmd;C:\Program Files\NVIDIA Corporation\NVIDIA NvDLISR;C:\Program Files (x86)\NVIDIA Corporation\PhysX\Common;G:\Gradle\gradle-7.3.3\bin;C:\Users\leone\AppData\Local\Microsoft\WindowsApps;C:\Users\leone\AppData\Local\GitHubDesktop\bin;G:\Microsoft VS Code\bin;C:\sampctl\;;."/>
    <property name="maven.conf" value="G:\IntelliJ IDEA 2021.2.3\plugins\maven\lib\maven3/conf"/>
    <property name="jdk.debug" value="release"/>
    <property name="java.class.version" value="59.0"/>
    <property name="java.specification.name" value="Java Platform API Specification"/>
    <property name="sun.management.compiler" value="HotSpot 64-Bit Tiered Compilers"/>
    <property name="os.version" value="10.0"/>
    <property name="user.home" value="C:\Users\leone"/>
    <property name="user.timezone" value="Europe/Rome"/>
    <property name="file.encoding" value="UTF-8"/>
    <property name="java.specification.version" value="15"/>
    <property name="user.name" value="leone"/>
    <property name="java.class.path" value="G:\IntelliJ IDEA 2021.2.3\plugins\maven\lib\maven3\boot\plexus-classworlds-2.6.0.jar;G:\IntelliJ IDEA 2021.2.3\plugins\maven\lib\maven3\boot\plexus-classworlds.license"/>
    <property name="java.vm.specification.version" value="15"/>
    <property name="sun.arch.data.model" value="64"/>
    <property name="sun.java.command" value="org.codehaus.classworlds.Launcher -Didea.version=2021.2.3 clean test"/>
    <property name="java.home" value="D:\Program Files\Java\jdk-15"/>
    <property name="user.language" value="it"/>
    <property name="java.specification.vendor" value="Oracle Corporation"/>
    <property name="java.vm.info" value="mixed mode, sharing"/>
    <property name="java.version" value="15"/>
    <property name="java.vendor" value="Oracle Corporation"/>
    <property name="maven.home" value="G:\IntelliJ IDEA 2021.2.3\plugins\maven\lib\maven3"/>
    <property name="file.separator" value="\"/>
    <property name="java.version.date" value="2020-09-15"/>
    <property name="java.vendor.url.bug" value="https://bugreport.java.com/bugreport/"/>
    <property name="sun.io.unicode.encoding" value="UnicodeLittle"/>
    <property name="sun.cpu.endian" value="little"/>
    <property name="sun.cpu.isalist" value="amd64"/>
  </properties>
  <testcase classname="UniCinemaTest.ReviewManager.service.ReviewServiceMethodsTest" name="[0] 1 (delete)" time="0.003"/>
  <testcase classname="UniCinemaTest.ReviewManager.service.ReviewServiceMethodsTest" name="[0] Review[account=null, film=null, description=Descrizione recensione, title=Titolo recensione, date=2022-02-14, time=11:29:27.984366500, stars=5] (insert)" time="0.001"/>
  <testcase classname="UniCinemaTest.ReviewManager.service.ReviewServiceMethodsTest" name="percentageStars" time="0"/>
  <testcase classname="UniCinemaTest.ReviewManager.service.ReviewServiceMethodsTest" name="[0] [Review[account=null, film=null, description=Descrizione recensione1, title=Titolo recensione1, date=2022-02-14, time=11:29:27.989353, stars=5], Review[account=null, film=null, description=Descrizione recensione2, title=Titolo recensione2, date=2022-02-14, time=11:29:27.989353, stars=5], Review[account=null, film=null, description=Descrizione recensione3, title=Titolo recensione3, date=2022-02-14, time=11:29:27.989353, stars=2], Review[account=null, film=null, description=Descrizione recensione4, title=Titolo recensione4, date=2022-02-14, time=11:29:27.989353, stars=4], Review[account=null, film=null, description=Descrizione recensione4, title=Titolo recensione4, date=2022-02-14, time=11:29:27.989353, stars=4], Review[account=null, film=null, description=Descrizione recensione5, title=Titolo recensione5, date=2022-02-14, time=11:29:27.989353, stars=5]], 5 (percentageStars)" time="0.013"/>
  <testcase classname="UniCinemaTest.ReviewManager.service.ReviewServiceMethodsTest" name="[0] [], 5 (averageStarsEmpty)" time="0"/>
  <testcase classname="UniCinemaTest.ReviewManager.service.ReviewServiceMethodsTest" name="[0] Film[id=12, length=120, genre=5, title=titoloFilm, plot=tramaFilm, cover=cover.png, poster=poster.png, datePublishing=2022-02-14, actorList=null, directorList=null, houseProductionList=null, productionList=null, reviewList=null, showList=null] (countAll)" time="0"/>
  <testcase classname="UniCinemaTest.ReviewManager.service.ReviewServiceMethodsTest" name="[0] 1, 7 (fetch)" time="0"/>
  <testcase classname="UniCinemaTest.ReviewManager.service.ReviewServiceMethodsTest" name="[0] 1 (fetchAll)" time="0"/>
  <testcase classname="UniCinemaTest.ReviewManager.service.ReviewServiceMethodsTest" name="[0] Film[id=12, length=120, genre=5, title=titoloFilm, plot=tramaFilm, cover=cover.png, poster=poster.png, datePublishing=2022-02-14, actorList=null, directorList=null, houseProductionList=null, productionList=null, reviewList=null, showList=null], Paginator[limit=5, offset=0] (fetchAll)" time="0"/>
  <testcase classname="UniCinemaTest.ReviewManager.service.ReviewServiceMethodsTest" name="[0] 1 (countByAccountId)" time="0"/>
  <testcase classname="UniCinemaTest.ReviewManager.service.ReviewServiceMethodsTest" name="averageStars" time="0"/>
  <testcase classname="UniCinemaTest.ReviewManager.service.ReviewServiceMethodsTest" name="[0] [Review[account=null, film=null, description=Descrizione recensione1, title=Titolo recensione1, date=2022-02-14, time=11:29:27.990350200, stars=5], Review[account=null, film=null, description=Descrizione recensione2, title=Titolo recensione2, date=2022-02-14, time=11:29:27.990350200, stars=5], Review[account=null, film=null, description=Descrizione recensione3, title=Titolo recensione3, date=2022-02-14, time=11:29:27.990350200, stars=2], Review[account=null, film=null, description=Descrizione recensione4, title=Titolo recensione4, date=2022-02-14, time=11:29:27.990350200, stars=4], Review[account=null, film=null, description=Descrizione recensione4, title=Titolo recensione4, date=2022-02-14, time=11:29:27.990350200, stars=4], Review[account=null, film=null, description=Descrizione recensione5, title=Titolo recensione5, date=2022-02-14, time=11:29:27.990350200, stars=5]], 5 (averageStars)" time="0"/>
  <testcase classname="UniCinemaTest.ReviewManager.service.ReviewServiceMethodsTest" name="[0] [], 5 (percentageStarsEmpty)" time="0"/>
</testsuite>