<?xml version="1.0" encoding="UTF-8" ?>
<testsuite tests="16" failures="0" name="UniCinemaTest.Authentication.controller.AuthenticationServletTest" time="0.763" errors="0" skipped="0">
  <properties>
    <property name="idea.version" value="2021.2.3"/>
    <property name="java.runtime.name" value="Java(TM) SE Runtime Environment"/>
    <property name="java.vm.version" value="15+36-1562"/>
    <property name="sun.boot.library.path" value="D:\Program Files\Java\jdk-15\bin"/>
    <property name="maven.multiModuleProjectDirectory" value="C:\Users\leone\Documents\GitHub\UniCinema\Project IntelliJ"/>
    <property name="java.vm.vendor" value="Oracle Corporation"/>
    <property name="java.vendor.url" value="https://java.oracle.com/"/>
    <property name="guice.disable.misplaced.annotation.check" value="true"/>
    <property name="path.separator" value=";"/>
    <property name="java.vm.name" value="Java HotSpot(TM) 64-Bit Server VM"/>
    <property name="sun.os.patch.level" value=""/>
    <property name="user.script" value=""/>
    <property name="user.country" value="IT"/>
    <property name="sun.java.launcher" value="SUN_STANDARD"/>
    <property name="java.vm.specification.name" value="Java Virtual Machine Specification"/>
    <property name="user.dir" value="C:\Users\leone\Documents\GitHub\UniCinema\Project IntelliJ"/>
    <property name="java.vm.compressedOopsMode" value="Zero based"/>
    <property name="java.runtime.version" value="15+36-1562"/>
    <property name="os.arch" value="amd64"/>
    <property name="java.io.tmpdir" value="C:\Users\leone\AppData\Local\Temp\"/>
    <property name="line.separator" value="
"/>
    <property name="java.vm.specification.vendor" value="Oracle Corporation"/>
    <property name="user.variant" value=""/>
    <property name="os.name" value="Windows 10"/>
    <property name="maven.ext.class.path" value="G:\IntelliJ IDEA 2021.2.3\plugins\maven\lib\maven-event-listener.jar"/>
    <property name="classworlds.conf" value="G:\IntelliJ IDEA 2021.2.3\plugins\maven\lib\maven3\bin\m2.conf"/>
    <property name="sun.jnu.encoding" value="Cp1252"/>
    <property name="java.library.path" value="D:\Program Files\Java\jdk-15\bin;C:\Windows\Sun\Java\bin;C:\Windows\system32;C:\Windows;C:\Program Files\Common Files\Oracle\Java\javapath;C:\Program Files (x86)\Common Files\Oracle\Java\javapath;C:\Windows\system32;C:\Windows;C:\Windows\System32\Wbem;C:\Windows\System32\WindowsPowerShell\v1.0\;C:\Windows\System32\OpenSSH\;C:\Program Files\Git\cmd;C:\Program Files\NVIDIA Corporation\NVIDIA NvDLISR;C:\Program Files (x86)\NVIDIA Corporation\PhysX\Common;G:\Gradle\gradle-7.3.3\bin;C:\Users\leone\AppData\Local\Microsoft\WindowsApps;C:\Users\leone\AppData\Local\GitHubDesktop\bin;G:\Microsoft VS Code\bin;C:\sampctl\;;."/>
    <property name="maven.conf" value="G:\IntelliJ IDEA 2021.2.3\plugins\maven\lib\maven3/conf"/>
    <property name="jdk.debug" value="release"/>
    <property name="java.class.version" value="59.0"/>
    <property name="java.specification.name" value="Java Platform API Specification"/>
    <property name="sun.management.compiler" value="HotSpot 64-Bit Tiered Compilers"/>
    <property name="os.version" value="10.0"/>
    <property name="user.home" value="C:\Users\leone"/>
    <property name="user.timezone" value="Europe/Rome"/>
    <property name="file.encoding" value="UTF-8"/>
    <property name="java.specification.version" value="15"/>
    <property name="user.name" value="leone"/>
    <property name="java.class.path" value="G:\IntelliJ IDEA 2021.2.3\plugins\maven\lib\maven3\boot\plexus-classworlds-2.6.0.jar;G:\IntelliJ IDEA 2021.2.3\plugins\maven\lib\maven3\boot\plexus-classworlds.license"/>
    <property name="java.vm.specification.version" value="15"/>
    <property name="sun.arch.data.model" value="64"/>
    <property name="sun.java.command" value="org.codehaus.classworlds.Launcher -Didea.version=2021.2.3 clean test"/>
    <property name="java.home" value="D:\Program Files\Java\jdk-15"/>
    <property name="user.language" value="it"/>
    <property name="java.specification.vendor" value="Oracle Corporation"/>
    <property name="java.vm.info" value="mixed mode, sharing"/>
    <property name="java.version" value="15"/>
    <property name="java.vendor" value="Oracle Corporation"/>
    <property name="maven.home" value="G:\IntelliJ IDEA 2021.2.3\plugins\maven\lib\maven3"/>
    <property name="file.separator" value="\"/>
    <property name="java.version.date" value="2020-09-15"/>
    <property name="java.vendor.url.bug" value="https://bugreport.java.com/bugreport/"/>
    <property name="sun.io.unicode.encoding" value="UnicodeLittle"/>
    <property name="sun.cpu.endian" value="little"/>
    <property name="sun.cpu.isalist" value="amd64"/>
  </properties>
  <testcase classname="UniCinemaTest.Authentication.controller.AuthenticationServletTest" name="doPostEditFalse" time="0.654"/>
  <testcase classname="UniCinemaTest.Authentication.controller.AuthenticationServletTest" name="doGetValueProfile" time="0.033"/>
  <testcase classname="UniCinemaTest.Authentication.controller.AuthenticationServletTest" name="doGetValueIsLogoutTest" time="0.009"/>
  <testcase classname="UniCinemaTest.Authentication.controller.AuthenticationServletTest" name="doGetSignin" time="0"/>
  <testcase classname="UniCinemaTest.Authentication.controller.AuthenticationServletTest" name="doPostSigninAccountNull" time="0.025"/>
  <testcase classname="UniCinemaTest.Authentication.controller.AuthenticationServletTest" name="doGetNotValid" time="0.002"/>
  <testcase classname="UniCinemaTest.Authentication.controller.AuthenticationServletTest" name="doPostEditNullFirstname" time="0.004"/>
  <testcase classname="UniCinemaTest.Authentication.controller.AuthenticationServletTest" name="doPostValueEdit" time="0.005"/>
  <testcase classname="UniCinemaTest.Authentication.controller.AuthenticationServletTest" name="doPostEditAccountSessionNull" time="0.004"/>
  <testcase classname="UniCinemaTest.Authentication.controller.AuthenticationServletTest" name="doPostNotValid" time="0.003"/>
  <testcase classname="UniCinemaTest.Authentication.controller.AuthenticationServletTest" name="doPostEditFirstnameLastnameNull" time="0.004"/>
  <testcase classname="UniCinemaTest.Authentication.controller.AuthenticationServletTest" name="doPostValueSignin" time="0.008"/>
  <testcase classname="UniCinemaTest.Authentication.controller.AuthenticationServletTest" name="doPostEditFirstnameLastnameEmailNull" time="0.002"/>
  <testcase classname="UniCinemaTest.Authentication.controller.AuthenticationServletTest" name="doPostEditPasswordNull" time="0.003"/>
  <testcase classname="UniCinemaTest.Authentication.controller.AuthenticationServletTest" name="doPostEditFirstnameNull" time="0.003"/>
  <testcase classname="UniCinemaTest.Authentication.controller.AuthenticationServletTest" name="doPostEditNotAjax" time="0.004"/>
</testsuite>